[INFO ] 15-07-2025 17:52:50 [main] BaseTest - Running test: verifyCarouselHasThreeSlides
[INFO ] 15-07-2025 17:52:50 [main] BaseTest - Carousel has 3 slides
[INFO ] 15-07-2025 17:52:50 [main] BaseTest - Running test: verifyCarouselIsDisplayed
[INFO ] 15-07-2025 17:52:50 [main] BaseTest - Carousel is displayed
[INFO ] 15-07-2025 17:52:50 [main] BaseTest - Running test: verifyCarouselAutoSlides
[INFO ] 15-07-2025 17:52:53 [main] BaseTest - Carousel auto-slide verified
[INFO ] 15-07-2025 17:52:53 [main] BaseTest - Running test: verifyClickNextOnCarousel
[INFO ] 15-07-2025 17:52:53 [main] BaseTest - Verified clicking next on carousel returns false (as expected)
[INFO ] 15-07-2025 17:52:53 [main] BaseTest - Running test: verifyClickPrevOnCarousel
[INFO ] 15-07-2025 17:52:55 [main] BaseTest - Verified clicking previous on carousel
[INFO ] 15-07-2025 17:52:55 [main] BaseTest - Running test: verifyProductListIsVisible
[INFO ] 15-07-2025 17:52:55 [main] BaseTest - ------List of Product------
[INFO ] 15-07-2025 17:52:55 [main] BaseTest - Product list is visible with correct count
[INFO ] 15-07-2025 17:52:55 [main] BaseTest - ===== Starting test teardown =====
[INFO ] 15-07-2025 17:52:55 [main] BaseTest - ===== Teardown complete =====
[WARN ] 15-07-2025 17:53:18 [main] TestNGContentHandler - Failed to read [/D:/DucThanh/demoblaze/testng-1.0.dtd] from CLASSPATH. Attempting to read from [file:///D:/DucThanh/demoblaze/testng-1.0.dtd].
[WARN ] 15-07-2025 17:53:18 [main] TestNGContentHandler - It is strongly recommended to add "<!DOCTYPE suite SYSTEM "https://testng.org/testng-1.1.dtd" >" at the top of the suite file [D:\DucThanh\demoblaze\grouping.xml] otherwise TestNG may fail or not work as expected.
[INFO ] 15-07-2025 17:53:18 [main] Utils - [TestNG] Running:
  D:\DucThanh\demoblaze\grouping.xml

[INFO ] 15-07-2025 17:53:18 [main] BaseTest - ===== Starting test setup =====
[INFO ] 15-07-2025 17:53:19 [main] BaseTest - ChromeDriver initialized.
[INFO ] 15-07-2025 17:53:21 [main] BaseTest - Running test: verifyHomePageTitle
[INFO ] 15-07-2025 17:53:21 [main] BaseTest - Verified homepage title is 'STORE'
[INFO ] 15-07-2025 17:53:21 [main] BaseTest - Running test: verifyLogoIsDisplayed
[INFO ] 15-07-2025 17:53:21 [main] BaseTest - Logo is displayed successfully
[INFO ] 15-07-2025 17:53:21 [main] BaseTest - Running test: verifyNavbarItemsDisplayed
[INFO ] 15-07-2025 17:53:21 [main] BaseTest - Navbar items count is correct
[INFO ] 15-07-2025 17:53:21 [main] BaseTest - Running test: verifyCarouselHasThreeSlides
[INFO ] 15-07-2025 17:53:22 [main] BaseTest - Carousel has 3 slides
[INFO ] 15-07-2025 17:53:22 [main] BaseTest - Running test: verifyCarouselIsDisplayed
[INFO ] 15-07-2025 17:53:22 [main] BaseTest - Carousel is displayed
[INFO ] 15-07-2025 17:53:22 [main] BaseTest - Running test: verifyCarouselAutoSlides
[INFO ] 15-07-2025 17:53:26 [main] BaseTest - Carousel auto-slide verified
[INFO ] 15-07-2025 17:53:26 [main] BaseTest - Running test: verifyClickNextOnCarousel
[INFO ] 15-07-2025 17:53:27 [main] BaseTest - Verified clicking next on carousel returns false (as expected)
[INFO ] 15-07-2025 17:53:27 [main] BaseTest - Running test: verifyClickPrevOnCarousel
[INFO ] 15-07-2025 17:53:28 [main] BaseTest - Running test: verifyProductListIsVisible
[INFO ] 15-07-2025 17:53:28 [main] BaseTest - ------List of Product------
[INFO ] 15-07-2025 17:53:29 [main] BaseTest - Product list is visible with correct count
[INFO ] 15-07-2025 17:53:29 [main] BaseTest - ===== Starting test teardown =====
[INFO ] 15-07-2025 17:53:29 [main] BaseTest - ===== Teardown complete =====
